<?xml version="1.0" encoding="UTF-8"?>
<testng-results ignored="0" total="1" passed="1" failed="0" skipped="0">
  <reporter-output>
  </reporter-output>
  <suite started-at="2024-06-29T20:51:29 EDT" name="Default suite" finished-at="2024-06-29T20:52:11 EDT" duration-ms="42280">
    <groups>
    </groups>
    <test started-at="2024-06-29T20:51:29 EDT" name="Default test" finished-at="2024-06-29T20:52:11 EDT" duration-ms="42280">
      <class name="com.assignment3.Sel_Assignment3">
        <test-method is-config="true" signature="beforeClass()[pri:0, instance:com.assignment3.Sel_Assignment3@7e6f74c]" started-at="2024-06-29T20:51:29 EDT" name="beforeClass" finished-at="2024-06-29T20:51:32 EDT" duration-ms="3205" status="PASS">
          <reporter-output>
          </reporter-output>
        </test-method> <!-- beforeClass -->
        <test-method signature="calculate_Maturiy_Interest()[pri:0, instance:com.assignment3.Sel_Assignment3@7e6f74c]" started-at="2024-06-29T20:51:32 EDT" name="calculate_Maturiy_Interest" finished-at="2024-06-29T20:52:10 EDT" duration-ms="37961" status="PASS">
          <reporter-output>
          </reporter-output>
        </test-method> <!-- calculate_Maturiy_Interest -->
        <test-method is-config="true" signature="afterClass()[pri:0, instance:com.assignment3.Sel_Assignment3@7e6f74c]" started-at="2024-06-29T20:52:10 EDT" name="afterClass" finished-at="2024-06-29T20:52:11 EDT" duration-ms="1084" status="PASS">
          <reporter-output>
          </reporter-output>
        </test-method> <!-- afterClass -->
      </class> <!-- com.assignment3.Sel_Assignment3 -->
    </test> <!-- Default test -->
  </suite> <!-- Default suite -->
</testng-results>
